2025-03-21T09:25:39.102-05:00  INFO 22364 --- [app] [restartedMain] com.example.app.AppApplication           : Starting AppApplication using Java 17.0.8.1 with PID 22364 (D:\javams\gateway\build\classes\java\main started by ROGER in D:\javams\gateway)
2025-03-21T09:25:39.109-05:00 DEBUG 22364 --- [app] [restartedMain] com.example.app.AppApplication           : Running with Spring Boot v3.4.3, Spring v6.2.3
2025-03-21T09:25:39.110-05:00  INFO 22364 --- [app] [restartedMain] com.example.app.AppApplication           : No active profile set, falling back to 1 default profile: "default"
2025-03-21T09:25:39.173-05:00  INFO 22364 --- [app] [restartedMain] .e.DevToolsPropertyDefaultsPostProcessor : Devtools property defaults active! Set 'spring.devtools.add-properties' to 'false' to disable
2025-03-21T09:25:39.184-05:00  INFO 22364 --- [app] [restartedMain] .e.DevToolsPropertyDefaultsPostProcessor : For additional web related logging consider setting the 'logging.level.web' property to 'DEBUG'
2025-03-21T09:25:40.371-05:00  INFO 22364 --- [app] [restartedMain] .s.d.r.c.RepositoryConfigurationDelegate : Bootstrapping Spring Data JPA repositories in DEFAULT mode.
2025-03-21T09:25:40.400-05:00  INFO 22364 --- [app] [restartedMain] .s.d.r.c.RepositoryConfigurationDelegate : Finished Spring Data repository scanning in 15 ms. Found 0 JPA repository interfaces.
2025-03-21T09:25:40.695-05:00  INFO 22364 --- [app] [restartedMain] o.s.cloud.context.scope.GenericScope     : BeanFactory id=3851a27e-ad7f-37c9-97d3-a0358989b1d9
2025-03-21T09:25:41.523-05:00  INFO 22364 --- [app] [restartedMain] o.s.b.w.embedded.tomcat.TomcatWebServer  : Tomcat initialized with port 8080 (http)
2025-03-21T09:25:41.538-05:00  INFO 22364 --- [app] [restartedMain] o.apache.catalina.core.StandardService   : Starting service [Tomcat]
2025-03-21T09:25:41.538-05:00  INFO 22364 --- [app] [restartedMain] o.apache.catalina.core.StandardEngine    : Starting Servlet engine: [Apache Tomcat/10.1.36]
2025-03-21T09:25:41.823-05:00  INFO 22364 --- [app] [restartedMain] o.hibernate.jpa.internal.util.LogHelper  : HHH000204: Processing PersistenceUnitInfo [name: default]
2025-03-21T09:25:41.924-05:00  INFO 22364 --- [app] [restartedMain] org.hibernate.Version                    : HHH000412: Hibernate ORM core version 6.6.8.Final
2025-03-21T09:25:41.971-05:00  INFO 22364 --- [app] [restartedMain] o.h.c.internal.RegionFactoryInitiator    : HHH000026: Second-level cache disabled
2025-03-21T09:25:42.316-05:00  INFO 22364 --- [app] [restartedMain] o.s.o.j.p.SpringPersistenceUnitInfo      : No LoadTimeWeaver setup: ignoring JPA class transformer
2025-03-21T09:25:42.350-05:00  INFO 22364 --- [app] [restartedMain] com.zaxxer.hikari.HikariDataSource       : HikariPool-1 - Starting...
2025-03-21T09:25:42.619-05:00  INFO 22364 --- [app] [restartedMain] com.zaxxer.hikari.pool.HikariPool        : HikariPool-1 - Added connection org.postgresql.jdbc.PgConnection@77830af1
2025-03-21T09:25:42.621-05:00  INFO 22364 --- [app] [restartedMain] com.zaxxer.hikari.HikariDataSource       : HikariPool-1 - Start completed.
2025-03-21T09:25:42.721-05:00  WARN 22364 --- [app] [restartedMain] org.hibernate.orm.deprecation            : HHH90000025: PostgreSQLDialect does not need to be specified explicitly using 'hibernate.dialect' (remove the property setting and it will be selected by default)
2025-03-21T09:25:42.752-05:00  INFO 22364 --- [app] [restartedMain] org.hibernate.orm.connections.pooling    : HHH10001005: Database info:
	Database JDBC URL [Connecting through datasource 'HikariDataSource (HikariPool-1)']
	Database driver: undefined/unknown
	Database version: 15.2
	Autocommit mode: undefined/unknown
	Isolation level: undefined/unknown
	Minimum pool size: undefined/unknown
	Maximum pool size: undefined/unknown
2025-03-21T09:25:43.180-05:00  INFO 22364 --- [app] [restartedMain] o.h.e.t.j.p.i.JtaPlatformInitiator       : HHH000489: No JTA platform available (set 'hibernate.transaction.jta.platform' to enable JTA platform integration)
2025-03-21T09:25:43.186-05:00  INFO 22364 --- [app] [restartedMain] j.LocalContainerEntityManagerFactoryBean : Initialized JPA EntityManagerFactory for persistence unit 'default'
2025-03-21T09:25:44.620-05:00  INFO 22364 --- [app] [restartedMain] o.s.c.g.r.RouteDefinitionRouteLocator    : Loaded RoutePredicateFactory [After]
2025-03-21T09:25:44.620-05:00  INFO 22364 --- [app] [restartedMain] o.s.c.g.r.RouteDefinitionRouteLocator    : Loaded RoutePredicateFactory [Before]
2025-03-21T09:25:44.621-05:00  INFO 22364 --- [app] [restartedMain] o.s.c.g.r.RouteDefinitionRouteLocator    : Loaded RoutePredicateFactory [Between]
2025-03-21T09:25:44.621-05:00  INFO 22364 --- [app] [restartedMain] o.s.c.g.r.RouteDefinitionRouteLocator    : Loaded RoutePredicateFactory [Cookie]
2025-03-21T09:25:44.621-05:00  INFO 22364 --- [app] [restartedMain] o.s.c.g.r.RouteDefinitionRouteLocator    : Loaded RoutePredicateFactory [Header]
2025-03-21T09:25:44.621-05:00  INFO 22364 --- [app] [restartedMain] o.s.c.g.r.RouteDefinitionRouteLocator    : Loaded RoutePredicateFactory [Host]
2025-03-21T09:25:44.621-05:00  INFO 22364 --- [app] [restartedMain] o.s.c.g.r.RouteDefinitionRouteLocator    : Loaded RoutePredicateFactory [Method]
2025-03-21T09:25:44.622-05:00  INFO 22364 --- [app] [restartedMain] o.s.c.g.r.RouteDefinitionRouteLocator    : Loaded RoutePredicateFactory [Path]
2025-03-21T09:25:44.622-05:00  INFO 22364 --- [app] [restartedMain] o.s.c.g.r.RouteDefinitionRouteLocator    : Loaded RoutePredicateFactory [Query]
2025-03-21T09:25:44.622-05:00  INFO 22364 --- [app] [restartedMain] o.s.c.g.r.RouteDefinitionRouteLocator    : Loaded RoutePredicateFactory [ReadBody]
2025-03-21T09:25:44.622-05:00  INFO 22364 --- [app] [restartedMain] o.s.c.g.r.RouteDefinitionRouteLocator    : Loaded RoutePredicateFactory [RemoteAddr]
2025-03-21T09:25:44.622-05:00  INFO 22364 --- [app] [restartedMain] o.s.c.g.r.RouteDefinitionRouteLocator    : Loaded RoutePredicateFactory [XForwardedRemoteAddr]
2025-03-21T09:25:44.622-05:00  INFO 22364 --- [app] [restartedMain] o.s.c.g.r.RouteDefinitionRouteLocator    : Loaded RoutePredicateFactory [Weight]
2025-03-21T09:25:44.622-05:00  INFO 22364 --- [app] [restartedMain] o.s.c.g.r.RouteDefinitionRouteLocator    : Loaded RoutePredicateFactory [CloudFoundryRouteService]
2025-03-21T09:25:45.578-05:00  INFO 22364 --- [app] [restartedMain] o.s.b.d.a.OptionalLiveReloadServer       : LiveReload server is running on port 35729
2025-03-21T09:25:45.924-05:00  INFO 22364 --- [app] [restartedMain] o.s.b.w.embedded.tomcat.TomcatWebServer  : Tomcat started on port 8080 (http)
2025-03-21T09:25:46.226-05:00  INFO 22364 --- [app] [restartedMain] com.example.app.AppApplication           : Started AppApplication in 8.651 seconds (process running for 9.571)
2025-03-21T09:25:46.231-05:00  INFO 22364 --- [app] [restartedMain] com.example.app.AppApplication           : Hello world!
2025-03-21T09:25:46.231-05:00  INFO 22364 --- [app] [restartedMain] com.example.app.AppApplication           : This is my application with MSA pattern
2025-03-21T09:29:13.943-05:00  INFO 6636 --- [app] [restartedMain] com.example.app.AppApplication           : Starting AppApplication using Java 17.0.8.1 with PID 6636 (D:\javams\gateway\build\classes\java\main started by ROGER in D:\javams\gateway)
2025-03-21T09:29:13.947-05:00 DEBUG 6636 --- [app] [restartedMain] com.example.app.AppApplication           : Running with Spring Boot v3.4.3, Spring v6.2.3
2025-03-21T09:29:13.948-05:00  INFO 6636 --- [app] [restartedMain] com.example.app.AppApplication           : No active profile set, falling back to 1 default profile: "default"
2025-03-21T09:29:14.020-05:00  INFO 6636 --- [app] [restartedMain] .e.DevToolsPropertyDefaultsPostProcessor : Devtools property defaults active! Set 'spring.devtools.add-properties' to 'false' to disable
2025-03-21T09:29:14.024-05:00  INFO 6636 --- [app] [restartedMain] .e.DevToolsPropertyDefaultsPostProcessor : For additional web related logging consider setting the 'logging.level.web' property to 'DEBUG'
2025-03-21T09:29:15.031-05:00  INFO 6636 --- [app] [restartedMain] .s.d.r.c.RepositoryConfigurationDelegate : Bootstrapping Spring Data JPA repositories in DEFAULT mode.
2025-03-21T09:29:15.063-05:00  INFO 6636 --- [app] [restartedMain] .s.d.r.c.RepositoryConfigurationDelegate : Finished Spring Data repository scanning in 13 ms. Found 0 JPA repository interfaces.
2025-03-21T09:29:15.328-05:00  INFO 6636 --- [app] [restartedMain] o.s.cloud.context.scope.GenericScope     : BeanFactory id=3851a27e-ad7f-37c9-97d3-a0358989b1d9
2025-03-21T09:29:16.094-05:00  INFO 6636 --- [app] [restartedMain] o.s.b.w.embedded.tomcat.TomcatWebServer  : Tomcat initialized with port 8080 (http)
2025-03-21T09:29:16.108-05:00  INFO 6636 --- [app] [restartedMain] o.apache.catalina.core.StandardService   : Starting service [Tomcat]
2025-03-21T09:29:16.109-05:00  INFO 6636 --- [app] [restartedMain] o.apache.catalina.core.StandardEngine    : Starting Servlet engine: [Apache Tomcat/10.1.36]
2025-03-21T09:29:16.376-05:00  INFO 6636 --- [app] [restartedMain] o.hibernate.jpa.internal.util.LogHelper  : HHH000204: Processing PersistenceUnitInfo [name: default]
2025-03-21T09:29:16.427-05:00  INFO 6636 --- [app] [restartedMain] org.hibernate.Version                    : HHH000412: Hibernate ORM core version 6.6.8.Final
2025-03-21T09:29:16.460-05:00  INFO 6636 --- [app] [restartedMain] o.h.c.internal.RegionFactoryInitiator    : HHH000026: Second-level cache disabled
2025-03-21T09:29:16.737-05:00  INFO 6636 --- [app] [restartedMain] o.s.o.j.p.SpringPersistenceUnitInfo      : No LoadTimeWeaver setup: ignoring JPA class transformer
2025-03-21T09:29:16.766-05:00  INFO 6636 --- [app] [restartedMain] com.zaxxer.hikari.HikariDataSource       : HikariPool-1 - Starting...
2025-03-21T09:29:16.945-05:00  INFO 6636 --- [app] [restartedMain] com.zaxxer.hikari.pool.HikariPool        : HikariPool-1 - Added connection org.postgresql.jdbc.PgConnection@5d297926
2025-03-21T09:29:16.947-05:00  INFO 6636 --- [app] [restartedMain] com.zaxxer.hikari.HikariDataSource       : HikariPool-1 - Start completed.
2025-03-21T09:29:16.983-05:00  WARN 6636 --- [app] [restartedMain] org.hibernate.orm.deprecation            : HHH90000025: PostgreSQLDialect does not need to be specified explicitly using 'hibernate.dialect' (remove the property setting and it will be selected by default)
2025-03-21T09:29:17.003-05:00  INFO 6636 --- [app] [restartedMain] org.hibernate.orm.connections.pooling    : HHH10001005: Database info:
	Database JDBC URL [Connecting through datasource 'HikariDataSource (HikariPool-1)']
	Database driver: undefined/unknown
	Database version: 15.2
	Autocommit mode: undefined/unknown
	Isolation level: undefined/unknown
	Minimum pool size: undefined/unknown
	Maximum pool size: undefined/unknown
2025-03-21T09:29:17.522-05:00  INFO 6636 --- [app] [restartedMain] o.h.e.t.j.p.i.JtaPlatformInitiator       : HHH000489: No JTA platform available (set 'hibernate.transaction.jta.platform' to enable JTA platform integration)
2025-03-21T09:29:17.529-05:00  INFO 6636 --- [app] [restartedMain] j.LocalContainerEntityManagerFactoryBean : Initialized JPA EntityManagerFactory for persistence unit 'default'
2025-03-21T09:29:18.999-05:00  INFO 6636 --- [app] [restartedMain] o.s.c.g.r.RouteDefinitionRouteLocator    : Loaded RoutePredicateFactory [After]
2025-03-21T09:29:18.999-05:00  INFO 6636 --- [app] [restartedMain] o.s.c.g.r.RouteDefinitionRouteLocator    : Loaded RoutePredicateFactory [Before]
2025-03-21T09:29:18.999-05:00  INFO 6636 --- [app] [restartedMain] o.s.c.g.r.RouteDefinitionRouteLocator    : Loaded RoutePredicateFactory [Between]
2025-03-21T09:29:19.000-05:00  INFO 6636 --- [app] [restartedMain] o.s.c.g.r.RouteDefinitionRouteLocator    : Loaded RoutePredicateFactory [Cookie]
2025-03-21T09:29:19.000-05:00  INFO 6636 --- [app] [restartedMain] o.s.c.g.r.RouteDefinitionRouteLocator    : Loaded RoutePredicateFactory [Header]
2025-03-21T09:29:19.000-05:00  INFO 6636 --- [app] [restartedMain] o.s.c.g.r.RouteDefinitionRouteLocator    : Loaded RoutePredicateFactory [Host]
2025-03-21T09:29:19.000-05:00  INFO 6636 --- [app] [restartedMain] o.s.c.g.r.RouteDefinitionRouteLocator    : Loaded RoutePredicateFactory [Method]
2025-03-21T09:29:19.000-05:00  INFO 6636 --- [app] [restartedMain] o.s.c.g.r.RouteDefinitionRouteLocator    : Loaded RoutePredicateFactory [Path]
2025-03-21T09:29:19.000-05:00  INFO 6636 --- [app] [restartedMain] o.s.c.g.r.RouteDefinitionRouteLocator    : Loaded RoutePredicateFactory [Query]
2025-03-21T09:29:19.000-05:00  INFO 6636 --- [app] [restartedMain] o.s.c.g.r.RouteDefinitionRouteLocator    : Loaded RoutePredicateFactory [ReadBody]
2025-03-21T09:29:19.001-05:00  INFO 6636 --- [app] [restartedMain] o.s.c.g.r.RouteDefinitionRouteLocator    : Loaded RoutePredicateFactory [RemoteAddr]
2025-03-21T09:29:19.001-05:00  INFO 6636 --- [app] [restartedMain] o.s.c.g.r.RouteDefinitionRouteLocator    : Loaded RoutePredicateFactory [XForwardedRemoteAddr]
2025-03-21T09:29:19.001-05:00  INFO 6636 --- [app] [restartedMain] o.s.c.g.r.RouteDefinitionRouteLocator    : Loaded RoutePredicateFactory [Weight]
2025-03-21T09:29:19.001-05:00  INFO 6636 --- [app] [restartedMain] o.s.c.g.r.RouteDefinitionRouteLocator    : Loaded RoutePredicateFactory [CloudFoundryRouteService]
2025-03-21T09:29:19.933-05:00  INFO 6636 --- [app] [restartedMain] o.s.b.d.a.OptionalLiveReloadServer       : LiveReload server is running on port 35729
2025-03-21T09:29:20.218-05:00  INFO 6636 --- [app] [restartedMain] o.s.b.w.embedded.tomcat.TomcatWebServer  : Tomcat started on port 8080 (http)
2025-03-21T09:29:20.534-05:00  INFO 6636 --- [app] [restartedMain] com.example.app.AppApplication           : Started AppApplication in 8.044 seconds (process running for 8.841)
2025-03-21T09:29:20.539-05:00  INFO 6636 --- [app] [restartedMain] com.example.app.AppApplication           : Hello world!
2025-03-21T09:29:20.540-05:00  INFO 6636 --- [app] [restartedMain] com.example.app.AppApplication           : This is my application with MSA pattern
2025-03-21T09:47:43.854-05:00  WARN 6636 --- [app] [HikariPool-1 housekeeper] com.zaxxer.hikari.pool.HikariPool        : HikariPool-1 - Thread starvation or clock leap detected (housekeeper delta=6m26s597ms111µs900ns).
